Performing C SOURCE FILE Test CMAKE_HAVE_LIBC_PTHREAD failed with the following output:
Change Dir: /tmp/tmp.Ru5KUPcvI2/cmake-build-debug-lab/CMakeFiles/CMakeTmp

Run Build Command(s):/usr/bin/gmake -f Makefile cmTC_716e2/fast && /usr/bin/gmake  -f CMakeFiles/cmTC_716e2.dir/build.make CMakeFiles/cmTC_716e2.dir/build
gmake[1]: Entering directory '/tmp/tmp.Ru5KUPcvI2/cmake-build-debug-lab/CMakeFiles/CMakeTmp'
Building C object CMakeFiles/cmTC_716e2.dir/src.c.o
/usr/local/bin/gcc -DCMAKE_HAVE_LIBC_PTHREAD   -o CMakeFiles/cmTC_716e2.dir/src.c.o -c /tmp/tmp.Ru5KUPcvI2/cmake-build-debug-lab/CMakeFiles/CMakeTmp/src.c
Linking C executable cmTC_716e2
/usr/local/bin/cmake -E cmake_link_script CMakeFiles/cmTC_716e2.dir/link.txt --verbose=1
/usr/local/bin/gcc -rdynamic CMakeFiles/cmTC_716e2.dir/src.c.o -o cmTC_716e2 
CMakeFiles/cmTC_716e2.dir/src.c.o: In function `main':
src.c:(.text+0x2d): undefined reference to `pthread_create'
src.c:(.text+0x39): undefined reference to `pthread_detach'
src.c:(.text+0x45): undefined reference to `pthread_cancel'
src.c:(.text+0x56): undefined reference to `pthread_join'
src.c:(.text+0x6a): undefined reference to `pthread_atfork'
collect2: error: ld returned 1 exit status
gmake[1]: *** [CMakeFiles/cmTC_716e2.dir/build.make:99: cmTC_716e2] Error 1
gmake[1]: Leaving directory '/tmp/tmp.Ru5KUPcvI2/cmake-build-debug-lab/CMakeFiles/CMakeTmp'
gmake: *** [Makefile:127: cmTC_716e2/fast] Error 2


Source file was:
#include <pthread.h>

static void* test_func(void* data)
{
  return data;
}

int main(void)
{
  pthread_t thread;
  pthread_create(&thread, NULL, test_func, NULL);
  pthread_detach(thread);
  pthread_cancel(thread);
  pthread_join(thread, NULL);
  pthread_atfork(NULL, NULL, NULL);
  pthread_exit(NULL);

  return 0;
}

Determining if the function pthread_create exists in the pthreads failed with the following output:
Change Dir: /tmp/tmp.Ru5KUPcvI2/cmake-build-debug-lab/CMakeFiles/CMakeTmp

Run Build Command(s):/usr/bin/gmake -f Makefile cmTC_f8e6d/fast && /usr/bin/gmake  -f CMakeFiles/cmTC_f8e6d.dir/build.make CMakeFiles/cmTC_f8e6d.dir/build
gmake[1]: Entering directory '/tmp/tmp.Ru5KUPcvI2/cmake-build-debug-lab/CMakeFiles/CMakeTmp'
Building C object CMakeFiles/cmTC_f8e6d.dir/CheckFunctionExists.c.o
/usr/local/bin/gcc   -DCHECK_FUNCTION_EXISTS=pthread_create -o CMakeFiles/cmTC_f8e6d.dir/CheckFunctionExists.c.o -c /usr/local/share/cmake-3.23/Modules/CheckFunctionExists.c
Linking C executable cmTC_f8e6d
/usr/local/bin/cmake -E cmake_link_script CMakeFiles/cmTC_f8e6d.dir/link.txt --verbose=1
/usr/local/bin/gcc  -DCHECK_FUNCTION_EXISTS=pthread_create -rdynamic CMakeFiles/cmTC_f8e6d.dir/CheckFunctionExists.c.o -o cmTC_f8e6d  -lpthreads 
/usr/bin/ld: cannot find -lpthreads
collect2: error: ld returned 1 exit status
gmake[1]: *** [CMakeFiles/cmTC_f8e6d.dir/build.make:99: cmTC_f8e6d] Error 1
gmake[1]: Leaving directory '/tmp/tmp.Ru5KUPcvI2/cmake-build-debug-lab/CMakeFiles/CMakeTmp'
gmake: *** [Makefile:127: cmTC_f8e6d/fast] Error 2



