The system is: Linux - 3.10.0-1160.92.1.el7.x86_64 - x86_64
Compiling the C compiler identification source file "CMakeCCompilerId.c" succeeded.
Compiler: /usr/local/bin/gcc 
Build flags: 
Id flags:  

The output was:
0


Compilation of the C compiler identification source "CMakeCCompilerId.c" produced "a.out"

The C compiler identification is GNU, found in "/tmp/tmp.Ru5KUPcvI2/cmake-build-debug-lab/CMakeFiles/3.23.1/CompilerIdC/a.out"

Compiling the CXX compiler identification source file "CMakeCXXCompilerId.cpp" succeeded.
Compiler: /usr/local/bin/g++ 
Build flags: 
Id flags:  

The output was:
0


Compilation of the CXX compiler identification source "CMakeCXXCompilerId.cpp" produced "a.out"

The CXX compiler identification is GNU, found in "/tmp/tmp.Ru5KUPcvI2/cmake-build-debug-lab/CMakeFiles/3.23.1/CompilerIdCXX/a.out"

Detecting C compiler ABI info compiled with the following output:
Change Dir: /tmp/tmp.Ru5KUPcvI2/cmake-build-debug-lab/CMakeFiles/CMakeTmp

Run Build Command(s):/usr/bin/gmake -f Makefile cmTC_bac30/fast && /usr/bin/gmake  -f CMakeFiles/cmTC_bac30.dir/build.make CMakeFiles/cmTC_bac30.dir/build
gmake[1]: Entering directory '/tmp/tmp.Ru5KUPcvI2/cmake-build-debug-lab/CMakeFiles/CMakeTmp'
Building C object CMakeFiles/cmTC_bac30.dir/CMakeCCompilerABI.c.o
/usr/local/bin/gcc   -v -o CMakeFiles/cmTC_bac30.dir/CMakeCCompilerABI.c.o -c /usr/local/share/cmake-3.23/Modules/CMakeCCompilerABI.c
Using built-in specs.
COLLECT_GCC=/usr/local/bin/gcc
Target: x86_64-pc-linux-gnu
Configured with: ./configure --enable-threads=posix --disable-checking --enable--long-long --with-system-zlib --enable-languages=c,c++ --disable-multilib
Thread model: posix
Supported LTO compression algorithms: zlib
gcc version 11.3.0 (GCC) 
COLLECT_GCC_OPTIONS='-v' '-o' 'CMakeFiles/cmTC_bac30.dir/CMakeCCompilerABI.c.o' '-c' '-mtune=generic' '-march=x86-64' '-dumpdir' 'CMakeFiles/cmTC_bac30.dir/'
 /usr/local/libexec/gcc/x86_64-pc-linux-gnu/11.3.0/cc1 -quiet -v /usr/local/share/cmake-3.23/Modules/CMakeCCompilerABI.c -quiet -dumpdir CMakeFiles/cmTC_bac30.dir/ -dumpbase CMakeCCompilerABI.c.c -dumpbase-ext .c -mtune=generic -march=x86-64 -version -o /tmp/cc9eYRYQ.s
GNU C17 (GCC) version 11.3.0 (x86_64-pc-linux-gnu)
	compiled by GNU C version 11.3.0, GMP version 6.1.0, MPFR version 3.1.6, MPC version 1.0.3, isl version isl-0.18-GMP

GGC heuristics: --param ggc-min-expand=100 --param ggc-min-heapsize=131072
ignoring nonexistent directory "/usr/local/lib/gcc/x86_64-pc-linux-gnu/11.3.0/../../../../x86_64-pc-linux-gnu/include"
#include "..." search starts here:
#include <...> search starts here:
 /usr/local/lib/gcc/x86_64-pc-linux-gnu/11.3.0/include
 /usr/local/include
 /usr/local/lib/gcc/x86_64-pc-linux-gnu/11.3.0/include-fixed
 /usr/include
End of search list.
GNU C17 (GCC) version 11.3.0 (x86_64-pc-linux-gnu)
	compiled by GNU C version 11.3.0, GMP version 6.1.0, MPFR version 3.1.6, MPC version 1.0.3, isl version isl-0.18-GMP

GGC heuristics: --param ggc-min-expand=100 --param ggc-min-heapsize=131072
Compiler executable checksum: 43a4618b607f994acd29abda1fcc186b
COLLECT_GCC_OPTIONS='-v' '-o' 'CMakeFiles/cmTC_bac30.dir/CMakeCCompilerABI.c.o' '-c' '-mtune=generic' '-march=x86-64' '-dumpdir' 'CMakeFiles/cmTC_bac30.dir/'
 as -v --64 -o CMakeFiles/cmTC_bac30.dir/CMakeCCompilerABI.c.o /tmp/cc9eYRYQ.s
GNU assembler version 2.27 (x86_64-redhat-linux) using BFD version version 2.27-44.base.el7_9.1
COMPILER_PATH=/usr/local/libexec/gcc/x86_64-pc-linux-gnu/11.3.0/:/usr/local/libexec/gcc/x86_64-pc-linux-gnu/11.3.0/:/usr/local/libexec/gcc/x86_64-pc-linux-gnu/:/usr/local/lib/gcc/x86_64-pc-linux-gnu/11.3.0/:/usr/local/lib/gcc/x86_64-pc-linux-gnu/
LIBRARY_PATH=/usr/local/lib/gcc/x86_64-pc-linux-gnu/11.3.0/:/usr/local/lib/gcc/x86_64-pc-linux-gnu/11.3.0/../../../../lib64/:/lib/../lib64/:/usr/lib/../lib64/:/usr/local/lib/gcc/x86_64-pc-linux-gnu/11.3.0/../../../:/lib/:/usr/lib/
COLLECT_GCC_OPTIONS='-v' '-o' 'CMakeFiles/cmTC_bac30.dir/CMakeCCompilerABI.c.o' '-c' '-mtune=generic' '-march=x86-64' '-dumpdir' 'CMakeFiles/cmTC_bac30.dir/CMakeCCompilerABI.c.'
Linking C executable cmTC_bac30
/usr/local/bin/cmake -E cmake_link_script CMakeFiles/cmTC_bac30.dir/link.txt --verbose=1
/usr/local/bin/gcc  -v -rdynamic CMakeFiles/cmTC_bac30.dir/CMakeCCompilerABI.c.o -o cmTC_bac30 
Using built-in specs.
COLLECT_GCC=/usr/local/bin/gcc
COLLECT_LTO_WRAPPER=/usr/local/libexec/gcc/x86_64-pc-linux-gnu/11.3.0/lto-wrapper
Target: x86_64-pc-linux-gnu
Configured with: ./configure --enable-threads=posix --disable-checking --enable--long-long --with-system-zlib --enable-languages=c,c++ --disable-multilib
Thread model: posix
Supported LTO compression algorithms: zlib
gcc version 11.3.0 (GCC) 
COMPILER_PATH=/usr/local/libexec/gcc/x86_64-pc-linux-gnu/11.3.0/:/usr/local/libexec/gcc/x86_64-pc-linux-gnu/11.3.0/:/usr/local/libexec/gcc/x86_64-pc-linux-gnu/:/usr/local/lib/gcc/x86_64-pc-linux-gnu/11.3.0/:/usr/local/lib/gcc/x86_64-pc-linux-gnu/
LIBRARY_PATH=/usr/local/lib/gcc/x86_64-pc-linux-gnu/11.3.0/:/usr/local/lib/gcc/x86_64-pc-linux-gnu/11.3.0/../../../../lib64/:/lib/../lib64/:/usr/lib/../lib64/:/usr/local/lib/gcc/x86_64-pc-linux-gnu/11.3.0/../../../:/lib/:/usr/lib/
COLLECT_GCC_OPTIONS='-v' '-rdynamic' '-o' 'cmTC_bac30' '-mtune=generic' '-march=x86-64' '-dumpdir' 'cmTC_bac30.'
 /usr/local/libexec/gcc/x86_64-pc-linux-gnu/11.3.0/collect2 -plugin /usr/local/libexec/gcc/x86_64-pc-linux-gnu/11.3.0/liblto_plugin.so -plugin-opt=/usr/local/libexec/gcc/x86_64-pc-linux-gnu/11.3.0/lto-wrapper -plugin-opt=-fresolution=/tmp/ccTaQ4AR.res -plugin-opt=-pass-through=-lgcc -plugin-opt=-pass-through=-lgcc_s -plugin-opt=-pass-through=-lc -plugin-opt=-pass-through=-lgcc -plugin-opt=-pass-through=-lgcc_s --eh-frame-hdr -m elf_x86_64 -export-dynamic -dynamic-linker /lib64/ld-linux-x86-64.so.2 -o cmTC_bac30 /lib/../lib64/crt1.o /lib/../lib64/crti.o /usr/local/lib/gcc/x86_64-pc-linux-gnu/11.3.0/crtbegin.o -L/usr/local/lib/gcc/x86_64-pc-linux-gnu/11.3.0 -L/usr/local/lib/gcc/x86_64-pc-linux-gnu/11.3.0/../../../../lib64 -L/lib/../lib64 -L/usr/lib/../lib64 -L/usr/local/lib/gcc/x86_64-pc-linux-gnu/11.3.0/../../.. CMakeFiles/cmTC_bac30.dir/CMakeCCompilerABI.c.o -lgcc --push-state --as-needed -lgcc_s --pop-state -lc -lgcc --push-state --as-needed -lgcc_s --pop-state /usr/local/lib/gcc/x86_64-pc-linux-gnu/11.3.0/crtend.o /lib/../lib64/crtn.o
COLLECT_GCC_OPTIONS='-v' '-rdynamic' '-o' 'cmTC_bac30' '-mtune=generic' '-march=x86-64' '-dumpdir' 'cmTC_bac30.'
gmake[1]: Leaving directory '/tmp/tmp.Ru5KUPcvI2/cmake-build-debug-lab/CMakeFiles/CMakeTmp'



Parsed C implicit include dir info from above output: rv=done
  found start of include info
  found start of implicit include info
    add: [/usr/local/lib/gcc/x86_64-pc-linux-gnu/11.3.0/include]
    add: [/usr/local/include]
    add: [/usr/local/lib/gcc/x86_64-pc-linux-gnu/11.3.0/include-fixed]
    add: [/usr/include]
  end of search list found
  collapse include dir [/usr/local/lib/gcc/x86_64-pc-linux-gnu/11.3.0/include] ==> [/usr/local/lib/gcc/x86_64-pc-linux-gnu/11.3.0/include]
  collapse include dir [/usr/local/include] ==> [/usr/local/include]
  collapse include dir [/usr/local/lib/gcc/x86_64-pc-linux-gnu/11.3.0/include-fixed] ==> [/usr/local/lib/gcc/x86_64-pc-linux-gnu/11.3.0/include-fixed]
  collapse include dir [/usr/include] ==> [/usr/include]
  implicit include dirs: [/usr/local/lib/gcc/x86_64-pc-linux-gnu/11.3.0/include;/usr/local/include;/usr/local/lib/gcc/x86_64-pc-linux-gnu/11.3.0/include-fixed;/usr/include]


Parsed C implicit link information from above output:
  link line regex: [^( *|.*[/\])(ld|CMAKE_LINK_STARTFILE-NOTFOUND|([^/\]+-)?ld|collect2)[^/\]*( |$)]
  ignore line: [Change Dir: /tmp/tmp.Ru5KUPcvI2/cmake-build-debug-lab/CMakeFiles/CMakeTmp]
  ignore line: []
  ignore line: [Run Build Command(s):/usr/bin/gmake -f Makefile cmTC_bac30/fast && /usr/bin/gmake  -f CMakeFiles/cmTC_bac30.dir/build.make CMakeFiles/cmTC_bac30.dir/build]
  ignore line: [gmake[1]: Entering directory '/tmp/tmp.Ru5KUPcvI2/cmake-build-debug-lab/CMakeFiles/CMakeTmp']
  ignore line: [Building C object CMakeFiles/cmTC_bac30.dir/CMakeCCompilerABI.c.o]
  ignore line: [/usr/local/bin/gcc   -v -o CMakeFiles/cmTC_bac30.dir/CMakeCCompilerABI.c.o -c /usr/local/share/cmake-3.23/Modules/CMakeCCompilerABI.c]
  ignore line: [Using built-in specs.]
  ignore line: [COLLECT_GCC=/usr/local/bin/gcc]
  ignore line: [Target: x86_64-pc-linux-gnu]
  ignore line: [Configured with: ./configure --enable-threads=posix --disable-checking --enable--long-long --with-system-zlib --enable-languages=c c++ --disable-multilib]
  ignore line: [Thread model: posix]
  ignore line: [Supported LTO compression algorithms: zlib]
  ignore line: [gcc version 11.3.0 (GCC) ]
  ignore line: [COLLECT_GCC_OPTIONS='-v' '-o' 'CMakeFiles/cmTC_bac30.dir/CMakeCCompilerABI.c.o' '-c' '-mtune=generic' '-march=x86-64' '-dumpdir' 'CMakeFiles/cmTC_bac30.dir/']
  ignore line: [ /usr/local/libexec/gcc/x86_64-pc-linux-gnu/11.3.0/cc1 -quiet -v /usr/local/share/cmake-3.23/Modules/CMakeCCompilerABI.c -quiet -dumpdir CMakeFiles/cmTC_bac30.dir/ -dumpbase CMakeCCompilerABI.c.c -dumpbase-ext .c -mtune=generic -march=x86-64 -version -o /tmp/cc9eYRYQ.s]
  ignore line: [GNU C17 (GCC) version 11.3.0 (x86_64-pc-linux-gnu)]
  ignore line: [	compiled by GNU C version 11.3.0  GMP version 6.1.0  MPFR version 3.1.6  MPC version 1.0.3  isl version isl-0.18-GMP]
  ignore line: []
  ignore line: [GGC heuristics: --param ggc-min-expand=100 --param ggc-min-heapsize=131072]
  ignore line: [ignoring nonexistent directory "/usr/local/lib/gcc/x86_64-pc-linux-gnu/11.3.0/../../../../x86_64-pc-linux-gnu/include"]
  ignore line: [#include "..." search starts here:]
  ignore line: [#include <...> search starts here:]
  ignore line: [ /usr/local/lib/gcc/x86_64-pc-linux-gnu/11.3.0/include]
  ignore line: [ /usr/local/include]
  ignore line: [ /usr/local/lib/gcc/x86_64-pc-linux-gnu/11.3.0/include-fixed]
  ignore line: [ /usr/include]
  ignore line: [End of search list.]
  ignore line: [GNU C17 (GCC) version 11.3.0 (x86_64-pc-linux-gnu)]
  ignore line: [	compiled by GNU C version 11.3.0  GMP version 6.1.0  MPFR version 3.1.6  MPC version 1.0.3  isl version isl-0.18-GMP]
  ignore line: []
  ignore line: [GGC heuristics: --param ggc-min-expand=100 --param ggc-min-heapsize=131072]
  ignore line: [Compiler executable checksum: 43a4618b607f994acd29abda1fcc186b]
  ignore line: [COLLECT_GCC_OPTIONS='-v' '-o' 'CMakeFiles/cmTC_bac30.dir/CMakeCCompilerABI.c.o' '-c' '-mtune=generic' '-march=x86-64' '-dumpdir' 'CMakeFiles/cmTC_bac30.dir/']
  ignore line: [ as -v --64 -o CMakeFiles/cmTC_bac30.dir/CMakeCCompilerABI.c.o /tmp/cc9eYRYQ.s]
  ignore line: [GNU assembler version 2.27 (x86_64-redhat-linux) using BFD version version 2.27-44.base.el7_9.1]
  ignore line: [COMPILER_PATH=/usr/local/libexec/gcc/x86_64-pc-linux-gnu/11.3.0/:/usr/local/libexec/gcc/x86_64-pc-linux-gnu/11.3.0/:/usr/local/libexec/gcc/x86_64-pc-linux-gnu/:/usr/local/lib/gcc/x86_64-pc-linux-gnu/11.3.0/:/usr/local/lib/gcc/x86_64-pc-linux-gnu/]
  ignore line: [LIBRARY_PATH=/usr/local/lib/gcc/x86_64-pc-linux-gnu/11.3.0/:/usr/local/lib/gcc/x86_64-pc-linux-gnu/11.3.0/../../../../lib64/:/lib/../lib64/:/usr/lib/../lib64/:/usr/local/lib/gcc/x86_64-pc-linux-gnu/11.3.0/../../../:/lib/:/usr/lib/]
  ignore line: [COLLECT_GCC_OPTIONS='-v' '-o' 'CMakeFiles/cmTC_bac30.dir/CMakeCCompilerABI.c.o' '-c' '-mtune=generic' '-march=x86-64' '-dumpdir' 'CMakeFiles/cmTC_bac30.dir/CMakeCCompilerABI.c.']
  ignore line: [Linking C executable cmTC_bac30]
  ignore line: [/usr/local/bin/cmake -E cmake_link_script CMakeFiles/cmTC_bac30.dir/link.txt --verbose=1]
  ignore line: [/usr/local/bin/gcc  -v -rdynamic CMakeFiles/cmTC_bac30.dir/CMakeCCompilerABI.c.o -o cmTC_bac30 ]
  ignore line: [Using built-in specs.]
  ignore line: [COLLECT_GCC=/usr/local/bin/gcc]
  ignore line: [COLLECT_LTO_WRAPPER=/usr/local/libexec/gcc/x86_64-pc-linux-gnu/11.3.0/lto-wrapper]
  ignore line: [Target: x86_64-pc-linux-gnu]
  ignore line: [Configured with: ./configure --enable-threads=posix --disable-checking --enable--long-long --with-system-zlib --enable-languages=c c++ --disable-multilib]
  ignore line: [Thread model: posix]
  ignore line: [Supported LTO compression algorithms: zlib]
  ignore line: [gcc version 11.3.0 (GCC) ]
  ignore line: [COMPILER_PATH=/usr/local/libexec/gcc/x86_64-pc-linux-gnu/11.3.0/:/usr/local/libexec/gcc/x86_64-pc-linux-gnu/11.3.0/:/usr/local/libexec/gcc/x86_64-pc-linux-gnu/:/usr/local/lib/gcc/x86_64-pc-linux-gnu/11.3.0/:/usr/local/lib/gcc/x86_64-pc-linux-gnu/]
  ignore line: [LIBRARY_PATH=/usr/local/lib/gcc/x86_64-pc-linux-gnu/11.3.0/:/usr/local/lib/gcc/x86_64-pc-linux-gnu/11.3.0/../../../../lib64/:/lib/../lib64/:/usr/lib/../lib64/:/usr/local/lib/gcc/x86_64-pc-linux-gnu/11.3.0/../../../:/lib/:/usr/lib/]
  ignore line: [COLLECT_GCC_OPTIONS='-v' '-rdynamic' '-o' 'cmTC_bac30' '-mtune=generic' '-march=x86-64' '-dumpdir' 'cmTC_bac30.']
  link line: [ /usr/local/libexec/gcc/x86_64-pc-linux-gnu/11.3.0/collect2 -plugin /usr/local/libexec/gcc/x86_64-pc-linux-gnu/11.3.0/liblto_plugin.so -plugin-opt=/usr/local/libexec/gcc/x86_64-pc-linux-gnu/11.3.0/lto-wrapper -plugin-opt=-fresolution=/tmp/ccTaQ4AR.res -plugin-opt=-pass-through=-lgcc -plugin-opt=-pass-through=-lgcc_s -plugin-opt=-pass-through=-lc -plugin-opt=-pass-through=-lgcc -plugin-opt=-pass-through=-lgcc_s --eh-frame-hdr -m elf_x86_64 -export-dynamic -dynamic-linker /lib64/ld-linux-x86-64.so.2 -o cmTC_bac30 /lib/../lib64/crt1.o /lib/../lib64/crti.o /usr/local/lib/gcc/x86_64-pc-linux-gnu/11.3.0/crtbegin.o -L/usr/local/lib/gcc/x86_64-pc-linux-gnu/11.3.0 -L/usr/local/lib/gcc/x86_64-pc-linux-gnu/11.3.0/../../../../lib64 -L/lib/../lib64 -L/usr/lib/../lib64 -L/usr/local/lib/gcc/x86_64-pc-linux-gnu/11.3.0/../../.. CMakeFiles/cmTC_bac30.dir/CMakeCCompilerABI.c.o -lgcc --push-state --as-needed -lgcc_s --pop-state -lc -lgcc --push-state --as-needed -lgcc_s --pop-state /usr/local/lib/gcc/x86_64-pc-linux-gnu/11.3.0/crtend.o /lib/../lib64/crtn.o]
    arg [/usr/local/libexec/gcc/x86_64-pc-linux-gnu/11.3.0/collect2] ==> ignore
    arg [-plugin] ==> ignore
    arg [/usr/local/libexec/gcc/x86_64-pc-linux-gnu/11.3.0/liblto_plugin.so] ==> ignore
    arg [-plugin-opt=/usr/local/libexec/gcc/x86_64-pc-linux-gnu/11.3.0/lto-wrapper] ==> ignore
    arg [-plugin-opt=-fresolution=/tmp/ccTaQ4AR.res] ==> ignore
    arg [-plugin-opt=-pass-through=-lgcc] ==> ignore
    arg [-plugin-opt=-pass-through=-lgcc_s] ==> ignore
    arg [-plugin-opt=-pass-through=-lc] ==> ignore
    arg [-plugin-opt=-pass-through=-lgcc] ==> ignore
    arg [-plugin-opt=-pass-through=-lgcc_s] ==> ignore
    arg [--eh-frame-hdr] ==> ignore
    arg [-m] ==> ignore
    arg [elf_x86_64] ==> ignore
    arg [-export-dynamic] ==> ignore
    arg [-dynamic-linker] ==> ignore
    arg [/lib64/ld-linux-x86-64.so.2] ==> ignore
    arg [-o] ==> ignore
    arg [cmTC_bac30] ==> ignore
    arg [/lib/../lib64/crt1.o] ==> obj [/lib/../lib64/crt1.o]
    arg [/lib/../lib64/crti.o] ==> obj [/lib/../lib64/crti.o]
    arg [/usr/local/lib/gcc/x86_64-pc-linux-gnu/11.3.0/crtbegin.o] ==> obj [/usr/local/lib/gcc/x86_64-pc-linux-gnu/11.3.0/crtbegin.o]
    arg [-L/usr/local/lib/gcc/x86_64-pc-linux-gnu/11.3.0] ==> dir [/usr/local/lib/gcc/x86_64-pc-linux-gnu/11.3.0]
    arg [-L/usr/local/lib/gcc/x86_64-pc-linux-gnu/11.3.0/../../../../lib64] ==> dir [/usr/local/lib/gcc/x86_64-pc-linux-gnu/11.3.0/../../../../lib64]
    arg [-L/lib/../lib64] ==> dir [/lib/../lib64]
    arg [-L/usr/lib/../lib64] ==> dir [/usr/lib/../lib64]
    arg [-L/usr/local/lib/gcc/x86_64-pc-linux-gnu/11.3.0/../../..] ==> dir [/usr/local/lib/gcc/x86_64-pc-linux-gnu/11.3.0/../../..]
    arg [CMakeFiles/cmTC_bac30.dir/CMakeCCompilerABI.c.o] ==> ignore
    arg [-lgcc] ==> lib [gcc]
    arg [--push-state] ==> ignore
    arg [--as-needed] ==> ignore
    arg [-lgcc_s] ==> lib [gcc_s]
    arg [--pop-state] ==> ignore
    arg [-lc] ==> lib [c]
    arg [-lgcc] ==> lib [gcc]
    arg [--push-state] ==> ignore
    arg [--as-needed] ==> ignore
    arg [-lgcc_s] ==> lib [gcc_s]
    arg [--pop-state] ==> ignore
    arg [/usr/local/lib/gcc/x86_64-pc-linux-gnu/11.3.0/crtend.o] ==> obj [/usr/local/lib/gcc/x86_64-pc-linux-gnu/11.3.0/crtend.o]
    arg [/lib/../lib64/crtn.o] ==> obj [/lib/../lib64/crtn.o]
  collapse obj [/lib/../lib64/crt1.o] ==> [/lib64/crt1.o]
  collapse obj [/lib/../lib64/crti.o] ==> [/lib64/crti.o]
  collapse obj [/lib/../lib64/crtn.o] ==> [/lib64/crtn.o]
  collapse library dir [/usr/local/lib/gcc/x86_64-pc-linux-gnu/11.3.0] ==> [/usr/local/lib/gcc/x86_64-pc-linux-gnu/11.3.0]
  collapse library dir [/usr/local/lib/gcc/x86_64-pc-linux-gnu/11.3.0/../../../../lib64] ==> [/usr/local/lib64]
  collapse library dir [/lib/../lib64] ==> [/lib64]
  collapse library dir [/usr/lib/../lib64] ==> [/usr/lib64]
  collapse library dir [/usr/local/lib/gcc/x86_64-pc-linux-gnu/11.3.0/../../..] ==> [/usr/local/lib]
  implicit libs: [gcc;gcc_s;c;gcc;gcc_s]
  implicit objs: [/lib64/crt1.o;/lib64/crti.o;/usr/local/lib/gcc/x86_64-pc-linux-gnu/11.3.0/crtbegin.o;/usr/local/lib/gcc/x86_64-pc-linux-gnu/11.3.0/crtend.o;/lib64/crtn.o]
  implicit dirs: [/usr/local/lib/gcc/x86_64-pc-linux-gnu/11.3.0;/usr/local/lib64;/lib64;/usr/lib64;/usr/local/lib]
  implicit fwks: []


Detecting CXX compiler ABI info compiled with the following output:
Change Dir: /tmp/tmp.Ru5KUPcvI2/cmake-build-debug-lab/CMakeFiles/CMakeTmp

Run Build Command(s):/usr/bin/gmake -f Makefile cmTC_6a1d7/fast && /usr/bin/gmake  -f CMakeFiles/cmTC_6a1d7.dir/build.make CMakeFiles/cmTC_6a1d7.dir/build
gmake[1]: Entering directory '/tmp/tmp.Ru5KUPcvI2/cmake-build-debug-lab/CMakeFiles/CMakeTmp'
Building CXX object CMakeFiles/cmTC_6a1d7.dir/CMakeCXXCompilerABI.cpp.o
/usr/local/bin/g++   -v -o CMakeFiles/cmTC_6a1d7.dir/CMakeCXXCompilerABI.cpp.o -c /usr/local/share/cmake-3.23/Modules/CMakeCXXCompilerABI.cpp
Using built-in specs.
COLLECT_GCC=/usr/local/bin/g++
Target: x86_64-pc-linux-gnu
Configured with: ./configure --enable-threads=posix --disable-checking --enable--long-long --with-system-zlib --enable-languages=c,c++ --disable-multilib
Thread model: posix
Supported LTO compression algorithms: zlib
gcc version 11.3.0 (GCC) 
COLLECT_GCC_OPTIONS='-v' '-o' 'CMakeFiles/cmTC_6a1d7.dir/CMakeCXXCompilerABI.cpp.o' '-c' '-shared-libgcc' '-mtune=generic' '-march=x86-64' '-dumpdir' 'CMakeFiles/cmTC_6a1d7.dir/'
 /usr/local/libexec/gcc/x86_64-pc-linux-gnu/11.3.0/cc1plus -quiet -v -D_GNU_SOURCE /usr/local/share/cmake-3.23/Modules/CMakeCXXCompilerABI.cpp -quiet -dumpdir CMakeFiles/cmTC_6a1d7.dir/ -dumpbase CMakeCXXCompilerABI.cpp.cpp -dumpbase-ext .cpp -mtune=generic -march=x86-64 -version -o /tmp/ccchPcp2.s
GNU C++17 (GCC) version 11.3.0 (x86_64-pc-linux-gnu)
	compiled by GNU C version 11.3.0, GMP version 6.1.0, MPFR version 3.1.6, MPC version 1.0.3, isl version isl-0.18-GMP

GGC heuristics: --param ggc-min-expand=100 --param ggc-min-heapsize=131072
ignoring nonexistent directory "/usr/local/lib/gcc/x86_64-pc-linux-gnu/11.3.0/../../../../x86_64-pc-linux-gnu/include"
#include "..." search starts here:
#include <...> search starts here:
 /usr/local/lib/gcc/x86_64-pc-linux-gnu/11.3.0/../../../../include/c++/11.3.0
 /usr/local/lib/gcc/x86_64-pc-linux-gnu/11.3.0/../../../../include/c++/11.3.0/x86_64-pc-linux-gnu
 /usr/local/lib/gcc/x86_64-pc-linux-gnu/11.3.0/../../../../include/c++/11.3.0/backward
 /usr/local/lib/gcc/x86_64-pc-linux-gnu/11.3.0/include
 /usr/local/include
 /usr/local/lib/gcc/x86_64-pc-linux-gnu/11.3.0/include-fixed
 /usr/include
End of search list.
GNU C++17 (GCC) version 11.3.0 (x86_64-pc-linux-gnu)
	compiled by GNU C version 11.3.0, GMP version 6.1.0, MPFR version 3.1.6, MPC version 1.0.3, isl version isl-0.18-GMP

GGC heuristics: --param ggc-min-expand=100 --param ggc-min-heapsize=131072
Compiler executable checksum: 51deabf6980f3a0316e4fe2caf6f0972
COLLECT_GCC_OPTIONS='-v' '-o' 'CMakeFiles/cmTC_6a1d7.dir/CMakeCXXCompilerABI.cpp.o' '-c' '-shared-libgcc' '-mtune=generic' '-march=x86-64' '-dumpdir' 'CMakeFiles/cmTC_6a1d7.dir/'
 as -v --64 -o CMakeFiles/cmTC_6a1d7.dir/CMakeCXXCompilerABI.cpp.o /tmp/ccchPcp2.s
GNU assembler version 2.27 (x86_64-redhat-linux) using BFD version version 2.27-44.base.el7_9.1
COMPILER_PATH=/usr/local/libexec/gcc/x86_64-pc-linux-gnu/11.3.0/:/usr/local/libexec/gcc/x86_64-pc-linux-gnu/11.3.0/:/usr/local/libexec/gcc/x86_64-pc-linux-gnu/:/usr/local/lib/gcc/x86_64-pc-linux-gnu/11.3.0/:/usr/local/lib/gcc/x86_64-pc-linux-gnu/
LIBRARY_PATH=/usr/local/lib/gcc/x86_64-pc-linux-gnu/11.3.0/:/usr/local/lib/gcc/x86_64-pc-linux-gnu/11.3.0/../../../../lib64/:/lib/../lib64/:/usr/lib/../lib64/:/usr/local/lib/gcc/x86_64-pc-linux-gnu/11.3.0/../../../:/lib/:/usr/lib/
COLLECT_GCC_OPTIONS='-v' '-o' 'CMakeFiles/cmTC_6a1d7.dir/CMakeCXXCompilerABI.cpp.o' '-c' '-shared-libgcc' '-mtune=generic' '-march=x86-64' '-dumpdir' 'CMakeFiles/cmTC_6a1d7.dir/CMakeCXXCompilerABI.cpp.'
Linking CXX executable cmTC_6a1d7
/usr/local/bin/cmake -E cmake_link_script CMakeFiles/cmTC_6a1d7.dir/link.txt --verbose=1
/usr/local/bin/g++  -v -rdynamic CMakeFiles/cmTC_6a1d7.dir/CMakeCXXCompilerABI.cpp.o -o cmTC_6a1d7 
Using built-in specs.
COLLECT_GCC=/usr/local/bin/g++
COLLECT_LTO_WRAPPER=/usr/local/libexec/gcc/x86_64-pc-linux-gnu/11.3.0/lto-wrapper
Target: x86_64-pc-linux-gnu
Configured with: ./configure --enable-threads=posix --disable-checking --enable--long-long --with-system-zlib --enable-languages=c,c++ --disable-multilib
Thread model: posix
Supported LTO compression algorithms: zlib
gcc version 11.3.0 (GCC) 
COMPILER_PATH=/usr/local/libexec/gcc/x86_64-pc-linux-gnu/11.3.0/:/usr/local/libexec/gcc/x86_64-pc-linux-gnu/11.3.0/:/usr/local/libexec/gcc/x86_64-pc-linux-gnu/:/usr/local/lib/gcc/x86_64-pc-linux-gnu/11.3.0/:/usr/local/lib/gcc/x86_64-pc-linux-gnu/
LIBRARY_PATH=/usr/local/lib/gcc/x86_64-pc-linux-gnu/11.3.0/:/usr/local/lib/gcc/x86_64-pc-linux-gnu/11.3.0/../../../../lib64/:/lib/../lib64/:/usr/lib/../lib64/:/usr/local/lib/gcc/x86_64-pc-linux-gnu/11.3.0/../../../:/lib/:/usr/lib/
COLLECT_GCC_OPTIONS='-v' '-rdynamic' '-o' 'cmTC_6a1d7' '-shared-libgcc' '-mtune=generic' '-march=x86-64' '-dumpdir' 'cmTC_6a1d7.'
 /usr/local/libexec/gcc/x86_64-pc-linux-gnu/11.3.0/collect2 -plugin /usr/local/libexec/gcc/x86_64-pc-linux-gnu/11.3.0/liblto_plugin.so -plugin-opt=/usr/local/libexec/gcc/x86_64-pc-linux-gnu/11.3.0/lto-wrapper -plugin-opt=-fresolution=/tmp/ccrNraQ6.res -plugin-opt=-pass-through=-lgcc_s -plugin-opt=-pass-through=-lgcc -plugin-opt=-pass-through=-lc -plugin-opt=-pass-through=-lgcc_s -plugin-opt=-pass-through=-lgcc --eh-frame-hdr -m elf_x86_64 -export-dynamic -dynamic-linker /lib64/ld-linux-x86-64.so.2 -o cmTC_6a1d7 /lib/../lib64/crt1.o /lib/../lib64/crti.o /usr/local/lib/gcc/x86_64-pc-linux-gnu/11.3.0/crtbegin.o -L/usr/local/lib/gcc/x86_64-pc-linux-gnu/11.3.0 -L/usr/local/lib/gcc/x86_64-pc-linux-gnu/11.3.0/../../../../lib64 -L/lib/../lib64 -L/usr/lib/../lib64 -L/usr/local/lib/gcc/x86_64-pc-linux-gnu/11.3.0/../../.. CMakeFiles/cmTC_6a1d7.dir/CMakeCXXCompilerABI.cpp.o -lstdc++ -lm -lgcc_s -lgcc -lc -lgcc_s -lgcc /usr/local/lib/gcc/x86_64-pc-linux-gnu/11.3.0/crtend.o /lib/../lib64/crtn.o
COLLECT_GCC_OPTIONS='-v' '-rdynamic' '-o' 'cmTC_6a1d7' '-shared-libgcc' '-mtune=generic' '-march=x86-64' '-dumpdir' 'cmTC_6a1d7.'
gmake[1]: Leaving directory '/tmp/tmp.Ru5KUPcvI2/cmake-build-debug-lab/CMakeFiles/CMakeTmp'



Parsed CXX implicit include dir info from above output: rv=done
  found start of include info
  found start of implicit include info
    add: [/usr/local/lib/gcc/x86_64-pc-linux-gnu/11.3.0/../../../../include/c++/11.3.0]
    add: [/usr/local/lib/gcc/x86_64-pc-linux-gnu/11.3.0/../../../../include/c++/11.3.0/x86_64-pc-linux-gnu]
    add: [/usr/local/lib/gcc/x86_64-pc-linux-gnu/11.3.0/../../../../include/c++/11.3.0/backward]
    add: [/usr/local/lib/gcc/x86_64-pc-linux-gnu/11.3.0/include]
    add: [/usr/local/include]
    add: [/usr/local/lib/gcc/x86_64-pc-linux-gnu/11.3.0/include-fixed]
    add: [/usr/include]
  end of search list found
  collapse include dir [/usr/local/lib/gcc/x86_64-pc-linux-gnu/11.3.0/../../../../include/c++/11.3.0] ==> [/usr/local/include/c++/11.3.0]
  collapse include dir [/usr/local/lib/gcc/x86_64-pc-linux-gnu/11.3.0/../../../../include/c++/11.3.0/x86_64-pc-linux-gnu] ==> [/usr/local/include/c++/11.3.0/x86_64-pc-linux-gnu]
  collapse include dir [/usr/local/lib/gcc/x86_64-pc-linux-gnu/11.3.0/../../../../include/c++/11.3.0/backward] ==> [/usr/local/include/c++/11.3.0/backward]
  collapse include dir [/usr/local/lib/gcc/x86_64-pc-linux-gnu/11.3.0/include] ==> [/usr/local/lib/gcc/x86_64-pc-linux-gnu/11.3.0/include]
  collapse include dir [/usr/local/include] ==> [/usr/local/include]
  collapse include dir [/usr/local/lib/gcc/x86_64-pc-linux-gnu/11.3.0/include-fixed] ==> [/usr/local/lib/gcc/x86_64-pc-linux-gnu/11.3.0/include-fixed]
  collapse include dir [/usr/include] ==> [/usr/include]
  implicit include dirs: [/usr/local/include/c++/11.3.0;/usr/local/include/c++/11.3.0/x86_64-pc-linux-gnu;/usr/local/include/c++/11.3.0/backward;/usr/local/lib/gcc/x86_64-pc-linux-gnu/11.3.0/include;/usr/local/include;/usr/local/lib/gcc/x86_64-pc-linux-gnu/11.3.0/include-fixed;/usr/include]


Parsed CXX implicit link information from above output:
  link line regex: [^( *|.*[/\])(ld|CMAKE_LINK_STARTFILE-NOTFOUND|([^/\]+-)?ld|collect2)[^/\]*( |$)]
  ignore line: [Change Dir: /tmp/tmp.Ru5KUPcvI2/cmake-build-debug-lab/CMakeFiles/CMakeTmp]
  ignore line: []
  ignore line: [Run Build Command(s):/usr/bin/gmake -f Makefile cmTC_6a1d7/fast && /usr/bin/gmake  -f CMakeFiles/cmTC_6a1d7.dir/build.make CMakeFiles/cmTC_6a1d7.dir/build]
  ignore line: [gmake[1]: Entering directory '/tmp/tmp.Ru5KUPcvI2/cmake-build-debug-lab/CMakeFiles/CMakeTmp']
  ignore line: [Building CXX object CMakeFiles/cmTC_6a1d7.dir/CMakeCXXCompilerABI.cpp.o]
  ignore line: [/usr/local/bin/g++   -v -o CMakeFiles/cmTC_6a1d7.dir/CMakeCXXCompilerABI.cpp.o -c /usr/local/share/cmake-3.23/Modules/CMakeCXXCompilerABI.cpp]
  ignore line: [Using built-in specs.]
  ignore line: [COLLECT_GCC=/usr/local/bin/g++]
  ignore line: [Target: x86_64-pc-linux-gnu]
  ignore line: [Configured with: ./configure --enable-threads=posix --disable-checking --enable--long-long --with-system-zlib --enable-languages=c c++ --disable-multilib]
  ignore line: [Thread model: posix]
  ignore line: [Supported LTO compression algorithms: zlib]
  ignore line: [gcc version 11.3.0 (GCC) ]
  ignore line: [COLLECT_GCC_OPTIONS='-v' '-o' 'CMakeFiles/cmTC_6a1d7.dir/CMakeCXXCompilerABI.cpp.o' '-c' '-shared-libgcc' '-mtune=generic' '-march=x86-64' '-dumpdir' 'CMakeFiles/cmTC_6a1d7.dir/']
  ignore line: [ /usr/local/libexec/gcc/x86_64-pc-linux-gnu/11.3.0/cc1plus -quiet -v -D_GNU_SOURCE /usr/local/share/cmake-3.23/Modules/CMakeCXXCompilerABI.cpp -quiet -dumpdir CMakeFiles/cmTC_6a1d7.dir/ -dumpbase CMakeCXXCompilerABI.cpp.cpp -dumpbase-ext .cpp -mtune=generic -march=x86-64 -version -o /tmp/ccchPcp2.s]
  ignore line: [GNU C++17 (GCC) version 11.3.0 (x86_64-pc-linux-gnu)]
  ignore line: [	compiled by GNU C version 11.3.0  GMP version 6.1.0  MPFR version 3.1.6  MPC version 1.0.3  isl version isl-0.18-GMP]
  ignore line: []
  ignore line: [GGC heuristics: --param ggc-min-expand=100 --param ggc-min-heapsize=131072]
  ignore line: [ignoring nonexistent directory "/usr/local/lib/gcc/x86_64-pc-linux-gnu/11.3.0/../../../../x86_64-pc-linux-gnu/include"]
  ignore line: [#include "..." search starts here:]
  ignore line: [#include <...> search starts here:]
  ignore line: [ /usr/local/lib/gcc/x86_64-pc-linux-gnu/11.3.0/../../../../include/c++/11.3.0]
  ignore line: [ /usr/local/lib/gcc/x86_64-pc-linux-gnu/11.3.0/../../../../include/c++/11.3.0/x86_64-pc-linux-gnu]
  ignore line: [ /usr/local/lib/gcc/x86_64-pc-linux-gnu/11.3.0/../../../../include/c++/11.3.0/backward]
  ignore line: [ /usr/local/lib/gcc/x86_64-pc-linux-gnu/11.3.0/include]
  ignore line: [ /usr/local/include]
  ignore line: [ /usr/local/lib/gcc/x86_64-pc-linux-gnu/11.3.0/include-fixed]
  ignore line: [ /usr/include]
  ignore line: [End of search list.]
  ignore line: [GNU C++17 (GCC) version 11.3.0 (x86_64-pc-linux-gnu)]
  ignore line: [	compiled by GNU C version 11.3.0  GMP version 6.1.0  MPFR version 3.1.6  MPC version 1.0.3  isl version isl-0.18-GMP]
  ignore line: []
  ignore line: [GGC heuristics: --param ggc-min-expand=100 --param ggc-min-heapsize=131072]
  ignore line: [Compiler executable checksum: 51deabf6980f3a0316e4fe2caf6f0972]
  ignore line: [COLLECT_GCC_OPTIONS='-v' '-o' 'CMakeFiles/cmTC_6a1d7.dir/CMakeCXXCompilerABI.cpp.o' '-c' '-shared-libgcc' '-mtune=generic' '-march=x86-64' '-dumpdir' 'CMakeFiles/cmTC_6a1d7.dir/']
  ignore line: [ as -v --64 -o CMakeFiles/cmTC_6a1d7.dir/CMakeCXXCompilerABI.cpp.o /tmp/ccchPcp2.s]
  ignore line: [GNU assembler version 2.27 (x86_64-redhat-linux) using BFD version version 2.27-44.base.el7_9.1]
  ignore line: [COMPILER_PATH=/usr/local/libexec/gcc/x86_64-pc-linux-gnu/11.3.0/:/usr/local/libexec/gcc/x86_64-pc-linux-gnu/11.3.0/:/usr/local/libexec/gcc/x86_64-pc-linux-gnu/:/usr/local/lib/gcc/x86_64-pc-linux-gnu/11.3.0/:/usr/local/lib/gcc/x86_64-pc-linux-gnu/]
  ignore line: [LIBRARY_PATH=/usr/local/lib/gcc/x86_64-pc-linux-gnu/11.3.0/:/usr/local/lib/gcc/x86_64-pc-linux-gnu/11.3.0/../../../../lib64/:/lib/../lib64/:/usr/lib/../lib64/:/usr/local/lib/gcc/x86_64-pc-linux-gnu/11.3.0/../../../:/lib/:/usr/lib/]
  ignore line: [COLLECT_GCC_OPTIONS='-v' '-o' 'CMakeFiles/cmTC_6a1d7.dir/CMakeCXXCompilerABI.cpp.o' '-c' '-shared-libgcc' '-mtune=generic' '-march=x86-64' '-dumpdir' 'CMakeFiles/cmTC_6a1d7.dir/CMakeCXXCompilerABI.cpp.']
  ignore line: [Linking CXX executable cmTC_6a1d7]
  ignore line: [/usr/local/bin/cmake -E cmake_link_script CMakeFiles/cmTC_6a1d7.dir/link.txt --verbose=1]
  ignore line: [/usr/local/bin/g++  -v -rdynamic CMakeFiles/cmTC_6a1d7.dir/CMakeCXXCompilerABI.cpp.o -o cmTC_6a1d7 ]
  ignore line: [Using built-in specs.]
  ignore line: [COLLECT_GCC=/usr/local/bin/g++]
  ignore line: [COLLECT_LTO_WRAPPER=/usr/local/libexec/gcc/x86_64-pc-linux-gnu/11.3.0/lto-wrapper]
  ignore line: [Target: x86_64-pc-linux-gnu]
  ignore line: [Configured with: ./configure --enable-threads=posix --disable-checking --enable--long-long --with-system-zlib --enable-languages=c c++ --disable-multilib]
  ignore line: [Thread model: posix]
  ignore line: [Supported LTO compression algorithms: zlib]
  ignore line: [gcc version 11.3.0 (GCC) ]
  ignore line: [COMPILER_PATH=/usr/local/libexec/gcc/x86_64-pc-linux-gnu/11.3.0/:/usr/local/libexec/gcc/x86_64-pc-linux-gnu/11.3.0/:/usr/local/libexec/gcc/x86_64-pc-linux-gnu/:/usr/local/lib/gcc/x86_64-pc-linux-gnu/11.3.0/:/usr/local/lib/gcc/x86_64-pc-linux-gnu/]
  ignore line: [LIBRARY_PATH=/usr/local/lib/gcc/x86_64-pc-linux-gnu/11.3.0/:/usr/local/lib/gcc/x86_64-pc-linux-gnu/11.3.0/../../../../lib64/:/lib/../lib64/:/usr/lib/../lib64/:/usr/local/lib/gcc/x86_64-pc-linux-gnu/11.3.0/../../../:/lib/:/usr/lib/]
  ignore line: [COLLECT_GCC_OPTIONS='-v' '-rdynamic' '-o' 'cmTC_6a1d7' '-shared-libgcc' '-mtune=generic' '-march=x86-64' '-dumpdir' 'cmTC_6a1d7.']
  link line: [ /usr/local/libexec/gcc/x86_64-pc-linux-gnu/11.3.0/collect2 -plugin /usr/local/libexec/gcc/x86_64-pc-linux-gnu/11.3.0/liblto_plugin.so -plugin-opt=/usr/local/libexec/gcc/x86_64-pc-linux-gnu/11.3.0/lto-wrapper -plugin-opt=-fresolution=/tmp/ccrNraQ6.res -plugin-opt=-pass-through=-lgcc_s -plugin-opt=-pass-through=-lgcc -plugin-opt=-pass-through=-lc -plugin-opt=-pass-through=-lgcc_s -plugin-opt=-pass-through=-lgcc --eh-frame-hdr -m elf_x86_64 -export-dynamic -dynamic-linker /lib64/ld-linux-x86-64.so.2 -o cmTC_6a1d7 /lib/../lib64/crt1.o /lib/../lib64/crti.o /usr/local/lib/gcc/x86_64-pc-linux-gnu/11.3.0/crtbegin.o -L/usr/local/lib/gcc/x86_64-pc-linux-gnu/11.3.0 -L/usr/local/lib/gcc/x86_64-pc-linux-gnu/11.3.0/../../../../lib64 -L/lib/../lib64 -L/usr/lib/../lib64 -L/usr/local/lib/gcc/x86_64-pc-linux-gnu/11.3.0/../../.. CMakeFiles/cmTC_6a1d7.dir/CMakeCXXCompilerABI.cpp.o -lstdc++ -lm -lgcc_s -lgcc -lc -lgcc_s -lgcc /usr/local/lib/gcc/x86_64-pc-linux-gnu/11.3.0/crtend.o /lib/../lib64/crtn.o]
    arg [/usr/local/libexec/gcc/x86_64-pc-linux-gnu/11.3.0/collect2] ==> ignore
    arg [-plugin] ==> ignore
    arg [/usr/local/libexec/gcc/x86_64-pc-linux-gnu/11.3.0/liblto_plugin.so] ==> ignore
    arg [-plugin-opt=/usr/local/libexec/gcc/x86_64-pc-linux-gnu/11.3.0/lto-wrapper] ==> ignore
    arg [-plugin-opt=-fresolution=/tmp/ccrNraQ6.res] ==> ignore
    arg [-plugin-opt=-pass-through=-lgcc_s] ==> ignore
    arg [-plugin-opt=-pass-through=-lgcc] ==> ignore
    arg [-plugin-opt=-pass-through=-lc] ==> ignore
    arg [-plugin-opt=-pass-through=-lgcc_s] ==> ignore
    arg [-plugin-opt=-pass-through=-lgcc] ==> ignore
    arg [--eh-frame-hdr] ==> ignore
    arg [-m] ==> ignore
    arg [elf_x86_64] ==> ignore
    arg [-export-dynamic] ==> ignore
    arg [-dynamic-linker] ==> ignore
    arg [/lib64/ld-linux-x86-64.so.2] ==> ignore
    arg [-o] ==> ignore
    arg [cmTC_6a1d7] ==> ignore
    arg [/lib/../lib64/crt1.o] ==> obj [/lib/../lib64/crt1.o]
    arg [/lib/../lib64/crti.o] ==> obj [/lib/../lib64/crti.o]
    arg [/usr/local/lib/gcc/x86_64-pc-linux-gnu/11.3.0/crtbegin.o] ==> obj [/usr/local/lib/gcc/x86_64-pc-linux-gnu/11.3.0/crtbegin.o]
    arg [-L/usr/local/lib/gcc/x86_64-pc-linux-gnu/11.3.0] ==> dir [/usr/local/lib/gcc/x86_64-pc-linux-gnu/11.3.0]
    arg [-L/usr/local/lib/gcc/x86_64-pc-linux-gnu/11.3.0/../../../../lib64] ==> dir [/usr/local/lib/gcc/x86_64-pc-linux-gnu/11.3.0/../../../../lib64]
    arg [-L/lib/../lib64] ==> dir [/lib/../lib64]
    arg [-L/usr/lib/../lib64] ==> dir [/usr/lib/../lib64]
    arg [-L/usr/local/lib/gcc/x86_64-pc-linux-gnu/11.3.0/../../..] ==> dir [/usr/local/lib/gcc/x86_64-pc-linux-gnu/11.3.0/../../..]
    arg [CMakeFiles/cmTC_6a1d7.dir/CMakeCXXCompilerABI.cpp.o] ==> ignore
    arg [-lstdc++] ==> lib [stdc++]
    arg [-lm] ==> lib [m]
    arg [-lgcc_s] ==> lib [gcc_s]
    arg [-lgcc] ==> lib [gcc]
    arg [-lc] ==> lib [c]
    arg [-lgcc_s] ==> lib [gcc_s]
    arg [-lgcc] ==> lib [gcc]
    arg [/usr/local/lib/gcc/x86_64-pc-linux-gnu/11.3.0/crtend.o] ==> obj [/usr/local/lib/gcc/x86_64-pc-linux-gnu/11.3.0/crtend.o]
    arg [/lib/../lib64/crtn.o] ==> obj [/lib/../lib64/crtn.o]
  collapse obj [/lib/../lib64/crt1.o] ==> [/lib64/crt1.o]
  collapse obj [/lib/../lib64/crti.o] ==> [/lib64/crti.o]
  collapse obj [/lib/../lib64/crtn.o] ==> [/lib64/crtn.o]
  collapse library dir [/usr/local/lib/gcc/x86_64-pc-linux-gnu/11.3.0] ==> [/usr/local/lib/gcc/x86_64-pc-linux-gnu/11.3.0]
  collapse library dir [/usr/local/lib/gcc/x86_64-pc-linux-gnu/11.3.0/../../../../lib64] ==> [/usr/local/lib64]
  collapse library dir [/lib/../lib64] ==> [/lib64]
  collapse library dir [/usr/lib/../lib64] ==> [/usr/lib64]
  collapse library dir [/usr/local/lib/gcc/x86_64-pc-linux-gnu/11.3.0/../../..] ==> [/usr/local/lib]
  implicit libs: [stdc++;m;gcc_s;gcc;c;gcc_s;gcc]
  implicit objs: [/lib64/crt1.o;/lib64/crti.o;/usr/local/lib/gcc/x86_64-pc-linux-gnu/11.3.0/crtbegin.o;/usr/local/lib/gcc/x86_64-pc-linux-gnu/11.3.0/crtend.o;/lib64/crtn.o]
  implicit dirs: [/usr/local/lib/gcc/x86_64-pc-linux-gnu/11.3.0;/usr/local/lib64;/lib64;/usr/lib64;/usr/local/lib]
  implicit fwks: []


Determining if the include file pthread.h exists passed with the following output:
Change Dir: /tmp/tmp.Ru5KUPcvI2/cmake-build-debug-lab/CMakeFiles/CMakeTmp

Run Build Command(s):/usr/bin/gmake -f Makefile cmTC_0d476/fast && /usr/bin/gmake  -f CMakeFiles/cmTC_0d476.dir/build.make CMakeFiles/cmTC_0d476.dir/build
gmake[1]: Entering directory '/tmp/tmp.Ru5KUPcvI2/cmake-build-debug-lab/CMakeFiles/CMakeTmp'
Building C object CMakeFiles/cmTC_0d476.dir/CheckIncludeFile.c.o
/usr/local/bin/gcc    -o CMakeFiles/cmTC_0d476.dir/CheckIncludeFile.c.o -c /tmp/tmp.Ru5KUPcvI2/cmake-build-debug-lab/CMakeFiles/CMakeTmp/CheckIncludeFile.c
Linking C executable cmTC_0d476
/usr/local/bin/cmake -E cmake_link_script CMakeFiles/cmTC_0d476.dir/link.txt --verbose=1
/usr/local/bin/gcc -rdynamic CMakeFiles/cmTC_0d476.dir/CheckIncludeFile.c.o -o cmTC_0d476 
gmake[1]: Leaving directory '/tmp/tmp.Ru5KUPcvI2/cmake-build-debug-lab/CMakeFiles/CMakeTmp'



Determining if the function pthread_create exists in the pthread passed with the following output:
Change Dir: /tmp/tmp.Ru5KUPcvI2/cmake-build-debug-lab/CMakeFiles/CMakeTmp

Run Build Command(s):/usr/bin/gmake -f Makefile cmTC_90421/fast && /usr/bin/gmake  -f CMakeFiles/cmTC_90421.dir/build.make CMakeFiles/cmTC_90421.dir/build
gmake[1]: Entering directory '/tmp/tmp.Ru5KUPcvI2/cmake-build-debug-lab/CMakeFiles/CMakeTmp'
Building C object CMakeFiles/cmTC_90421.dir/CheckFunctionExists.c.o
/usr/local/bin/gcc   -DCHECK_FUNCTION_EXISTS=pthread_create -o CMakeFiles/cmTC_90421.dir/CheckFunctionExists.c.o -c /usr/local/share/cmake-3.23/Modules/CheckFunctionExists.c
Linking C executable cmTC_90421
/usr/local/bin/cmake -E cmake_link_script CMakeFiles/cmTC_90421.dir/link.txt --verbose=1
/usr/local/bin/gcc  -DCHECK_FUNCTION_EXISTS=pthread_create -rdynamic CMakeFiles/cmTC_90421.dir/CheckFunctionExists.c.o -o cmTC_90421  -lpthread 
gmake[1]: Leaving directory '/tmp/tmp.Ru5KUPcvI2/cmake-build-debug-lab/CMakeFiles/CMakeTmp'



